<?xml version="1.0" encoding="utf-8"?>
<coverage line-rate="0.8361" branch-rate="0.9484" version="1.9" timestamp="1786463312" lines-covered="342" lines-valid="409" branches-covered="184" branches-valid="194">
  <sources>
    <source>C:\_gemini\tforste-professional\PortfolioApi\</source>
  </sources>
  <packages>
    <package name="PortfolioApi" line-rate="0.8361" branch-rate="0.9484" complexity="205">
      <classes>
        <class name="Program" filename="Program.cs" line-rate="0" branch-rate="0" complexity="2">
          <methods>
            <method name="&lt;Main&gt;$" signature="(System.String[])" line-rate="0" branch-rate="0" complexity="2">
              <lines>
                <line number="4" hits="0" branch="False" />
                <line number="7" hits="0" branch="False" />
                <line number="8" hits="0" branch="False" />
                <line number="9" hits="0" branch="False" />
                <line number="12" hits="0" branch="False" />
                <line number="13" hits="0" branch="False" />
                <line number="14" hits="0" branch="False" />
                <line number="15" hits="0" branch="False" />
                <line number="16" hits="0" branch="False" />
                <line number="17" hits="0" branch="False" />
                <line number="18" hits="0" branch="False" />
                <line number="19" hits="0" branch="False" />
                <line number="20" hits="0" branch="False" />
                <line number="21" hits="0" branch="False" />
                <line number="23" hits="0" branch="False" />
                <line number="25" hits="0" branch="False" />
                <line number="28" hits="0" branch="True" condition-coverage="0% (0/2)">
                  <conditions>
                    <condition number="118" type="jump" coverage="0%" />
                  </conditions>
                </line>
                <line number="29" hits="0" branch="False" />
                <line number="30" hits="0" branch="False" />
                <line number="31" hits="0" branch="False" />
                <line number="33" hits="0" branch="False" />
                <line number="36" hits="0" branch="False" />
                <line number="37" hits="0" branch="False" />
                <line number="40" hits="0" branch="False" />
                <line number="42" hits="0" branch="False" />
                <line number="43" hits="0" branch="False" />
                <line number="44" hits="0" branch="False" />
                <line number="45" hits="0" branch="False" />
                <line number="46" hits="0" branch="False" />
                <line number="48" hits="0" branch="False" />
                <line number="49" hits="0" branch="False" />
                <line number="50" hits="0" branch="False" />
                <line number="51" hits="0" branch="False" />
                <line number="52" hits="0" branch="False" />
                <line number="54" hits="0" branch="False" />
                <line number="55" hits="0" branch="False" />
                <line number="56" hits="0" branch="False" />
                <line number="57" hits="0" branch="False" />
                <line number="58" hits="0" branch="False" />
                <line number="60" hits="0" branch="False" />
                <line number="61" hits="0" branch="False" />
                <line number="62" hits="0" branch="False" />
                <line number="63" hits="0" branch="False" />
                <line number="64" hits="0" branch="False" />
                <line number="66" hits="0" branch="False" />
                <line number="67" hits="0" branch="False" />
                <line number="68" hits="0" branch="False" />
                <line number="69" hits="0" branch="False" />
                <line number="70" hits="0" branch="False" />
                <line number="72" hits="0" branch="False" />
                <line number="73" hits="0" branch="False" />
                <line number="74" hits="0" branch="False" />
                <line number="75" hits="0" branch="False" />
                <line number="76" hits="0" branch="False" />
                <line number="77" hits="0" branch="False" />
                <line number="79" hits="0" branch="False" />
                <line number="80" hits="0" branch="False" />
                <line number="81" hits="0" branch="False" />
                <line number="82" hits="0" branch="False" />
                <line number="83" hits="0" branch="False" />
                <line number="84" hits="0" branch="False" />
                <line number="87" hits="0" branch="False" />
                <line number="89" hits="0" branch="False" />
              </lines>
            </method>
          </methods>
          <lines>
            <line number="4" hits="0" branch="False" />
            <line number="7" hits="0" branch="False" />
            <line number="8" hits="0" branch="False" />
            <line number="9" hits="0" branch="False" />
            <line number="12" hits="0" branch="False" />
            <line number="13" hits="0" branch="False" />
            <line number="14" hits="0" branch="False" />
            <line number="15" hits="0" branch="False" />
            <line number="16" hits="0" branch="False" />
            <line number="17" hits="0" branch="False" />
            <line number="18" hits="0" branch="False" />
            <line number="19" hits="0" branch="False" />
            <line number="20" hits="0" branch="False" />
            <line number="21" hits="0" branch="False" />
            <line number="23" hits="0" branch="False" />
            <line number="25" hits="0" branch="False" />
            <line number="28" hits="0" branch="True" condition-coverage="0% (0/2)">
              <conditions>
                <condition number="118" type="jump" coverage="0%" />
              </conditions>
            </line>
            <line number="29" hits="0" branch="False" />
            <line number="30" hits="0" branch="False" />
            <line number="31" hits="0" branch="False" />
            <line number="33" hits="0" branch="False" />
            <line number="36" hits="0" branch="False" />
            <line number="37" hits="0" branch="False" />
            <line number="40" hits="0" branch="False" />
            <line number="42" hits="0" branch="False" />
            <line number="43" hits="0" branch="False" />
            <line number="44" hits="0" branch="False" />
            <line number="45" hits="0" branch="False" />
            <line number="46" hits="0" branch="False" />
            <line number="48" hits="0" branch="False" />
            <line number="49" hits="0" branch="False" />
            <line number="50" hits="0" branch="False" />
            <line number="51" hits="0" branch="False" />
            <line number="52" hits="0" branch="False" />
            <line number="54" hits="0" branch="False" />
            <line number="55" hits="0" branch="False" />
            <line number="56" hits="0" branch="False" />
            <line number="57" hits="0" branch="False" />
            <line number="58" hits="0" branch="False" />
            <line number="60" hits="0" branch="False" />
            <line number="61" hits="0" branch="False" />
            <line number="62" hits="0" branch="False" />
            <line number="63" hits="0" branch="False" />
            <line number="64" hits="0" branch="False" />
            <line number="66" hits="0" branch="False" />
            <line number="67" hits="0" branch="False" />
            <line number="68" hits="0" branch="False" />
            <line number="69" hits="0" branch="False" />
            <line number="70" hits="0" branch="False" />
            <line number="72" hits="0" branch="False" />
            <line number="73" hits="0" branch="False" />
            <line number="74" hits="0" branch="False" />
            <line number="75" hits="0" branch="False" />
            <line number="76" hits="0" branch="False" />
            <line number="77" hits="0" branch="False" />
            <line number="79" hits="0" branch="False" />
            <line number="80" hits="0" branch="False" />
            <line number="81" hits="0" branch="False" />
            <line number="82" hits="0" branch="False" />
            <line number="83" hits="0" branch="False" />
            <line number="84" hits="0" branch="False" />
            <line number="87" hits="0" branch="False" />
            <line number="89" hits="0" branch="False" />
          </lines>
        </class>
        <class name="PortfolioApi.Services.GeminiAiService" filename="Services\GeminiAiService.cs" line-rate="0.9565" branch-rate="0.9239" complexity="92">
          <methods>
            <method name="GenerateGroundedFallbackResponse" signature="(System.String)" line-rate="0.9318000000000001" branch-rate="0.9301999999999999" complexity="86">
              <lines>
                <line number="101" hits="8" branch="False" />
                <line number="102" hits="8" branch="False" />
                <line number="105" hits="8" branch="True" condition-coverage="100% (18/18)">
                  <conditions>
                    <condition number="19" type="jump" coverage="100%" />
                    <condition number="32" type="jump" coverage="100%" />
                    <condition number="45" type="jump" coverage="100%" />
                    <condition number="58" type="jump" coverage="100%" />
                    <condition number="71" type="jump" coverage="100%" />
                    <condition number="84" type="jump" coverage="100%" />
                    <condition number="97" type="jump" coverage="100%" />
                    <condition number="110" type="jump" coverage="100%" />
                    <condition number="128" type="jump" coverage="100%" />
                  </conditions>
                </line>
                <line number="106" hits="1" branch="False" />
                <line number="107" hits="1" branch="False" />
                <line number="108" hits="1" branch="False" />
                <line number="109" hits="7" branch="True" condition-coverage="50% (6/12)">
                  <conditions>
                    <condition number="154" type="jump" coverage="50%" />
                    <condition number="167" type="jump" coverage="50%" />
                    <condition number="180" type="jump" coverage="50%" />
                    <condition number="193" type="jump" coverage="50%" />
                    <condition number="206" type="jump" coverage="50%" />
                    <condition number="224" type="jump" coverage="50%" />
                  </conditions>
                </line>
                <line number="110" hits="0" branch="False" />
                <line number="111" hits="0" branch="False" />
                <line number="112" hits="0" branch="False" />
                <line number="113" hits="7" branch="True" condition-coverage="100% (12/12)">
                  <conditions>
                    <condition number="250" type="jump" coverage="100%" />
                    <condition number="263" type="jump" coverage="100%" />
                    <condition number="276" type="jump" coverage="100%" />
                    <condition number="289" type="jump" coverage="100%" />
                    <condition number="302" type="jump" coverage="100%" />
                    <condition number="322" type="jump" coverage="100%" />
                  </conditions>
                </line>
                <line number="114" hits="1" branch="False" />
                <line number="115" hits="1" branch="False" />
                <line number="116" hits="1" branch="False" />
                <line number="117" hits="6" branch="True" condition-coverage="100% (10/10)">
                  <conditions>
                    <condition number="348" type="jump" coverage="100%" />
                    <condition number="361" type="jump" coverage="100%" />
                    <condition number="374" type="jump" coverage="100%" />
                    <condition number="387" type="jump" coverage="100%" />
                    <condition number="407" type="jump" coverage="100%" />
                  </conditions>
                </line>
                <line number="118" hits="1" branch="False" />
                <line number="119" hits="1" branch="False" />
                <line number="120" hits="1" branch="False" />
                <line number="121" hits="5" branch="True" condition-coverage="100% (8/8)">
                  <conditions>
                    <condition number="433" type="jump" coverage="100%" />
                    <condition number="446" type="jump" coverage="100%" />
                    <condition number="459" type="jump" coverage="100%" />
                    <condition number="479" type="jump" coverage="100%" />
                  </conditions>
                </line>
                <line number="122" hits="1" branch="False" />
                <line number="123" hits="1" branch="False" />
                <line number="124" hits="1" branch="False" />
                <line number="125" hits="4" branch="True" condition-coverage="100% (10/10)">
                  <conditions>
                    <condition number="505" type="jump" coverage="100%" />
                    <condition number="518" type="jump" coverage="100%" />
                    <condition number="531" type="jump" coverage="100%" />
                    <condition number="544" type="jump" coverage="100%" />
                    <condition number="564" type="jump" coverage="100%" />
                  </conditions>
                </line>
                <line number="126" hits="1" branch="False" />
                <line number="127" hits="1" branch="False" />
                <line number="128" hits="1" branch="False" />
                <line number="129" hits="3" branch="True" condition-coverage="100% (8/8)">
                  <conditions>
                    <condition number="590" type="jump" coverage="100%" />
                    <condition number="603" type="jump" coverage="100%" />
                    <condition number="616" type="jump" coverage="100%" />
                    <condition number="636" type="jump" coverage="100%" />
                  </conditions>
                </line>
                <line number="130" hits="1" branch="False" />
                <line number="131" hits="1" branch="False" />
                <line number="132" hits="1" branch="False" />
                <line number="133" hits="2" branch="True" condition-coverage="100% (8/8)">
                  <conditions>
                    <condition number="659" type="jump" coverage="100%" />
                    <condition number="672" type="jump" coverage="100%" />
                    <condition number="685" type="jump" coverage="100%" />
                    <condition number="705" type="jump" coverage="100%" />
                  </conditions>
                </line>
                <line number="134" hits="1" branch="False" />
                <line number="135" hits="1" branch="False" />
                <line number="136" hits="1" branch="False" />
                <line number="138" hits="1" branch="False" />
                <line number="139" hits="1" branch="False" />
                <line number="140" hits="1" branch="False" />
                <line number="142" hits="8" branch="False" />
                <line number="143" hits="8" branch="False" />
                <line number="144" hits="8" branch="False" />
                <line number="145" hits="8" branch="False" />
                <line number="146" hits="8" branch="False" />
                <line number="147" hits="8" branch="False" />
                <line number="148" hits="8" branch="False" />
              </lines>
            </method>
            <method name="GetSuggestedFollowUps" signature="(System.String)" line-rate="1" branch-rate="1" complexity="4">
              <lines>
                <line number="151" hits="8" branch="False" />
                <line number="152" hits="8" branch="False" />
                <line number="154" hits="8" branch="True" condition-coverage="100% (4/4)">
                  <conditions>
                    <condition number="19" type="jump" coverage="100%" />
                    <condition number="37" type="jump" coverage="100%" />
                  </conditions>
                </line>
                <line number="155" hits="1" branch="False" />
                <line number="156" hits="1" branch="False" />
                <line number="157" hits="1" branch="False" />
                <line number="158" hits="1" branch="False" />
                <line number="159" hits="1" branch="False" />
                <line number="160" hits="1" branch="False" />
                <line number="161" hits="1" branch="False" />
                <line number="164" hits="7" branch="False" />
                <line number="165" hits="7" branch="False" />
                <line number="166" hits="7" branch="False" />
                <line number="167" hits="7" branch="False" />
                <line number="168" hits="7" branch="False" />
                <line number="169" hits="7" branch="False" />
                <line number="170" hits="8" branch="False" />
              </lines>
            </method>
            <method name=".ctor" signature="(System.Net.Http.HttpClient,Microsoft.Extensions.Configuration.IConfiguration,Microsoft.Extensions.Hosting.IHostEnvironment,Microsoft.Extensions.Logging.ILogger`1&lt;PortfolioApi.Services.GeminiAiService&gt;)" line-rate="1" branch-rate="0.5" complexity="2">
              <lines>
                <line number="14" hits="1" branch="False" />
                <line number="15" hits="1" branch="False" />
                <line number="16" hits="1" branch="False" />
                <line number="17" hits="1" branch="False" />
                <line number="18" hits="1" branch="False" />
                <line number="20" hits="1" branch="False" />
                <line number="21" hits="1" branch="True" condition-coverage="50% (1/2)">
                  <conditions>
                    <condition number="59" type="jump" coverage="50%" />
                  </conditions>
                </line>
                <line number="22" hits="1" branch="False" />
              </lines>
            </method>
          </methods>
          <lines>
            <line number="101" hits="8" branch="False" />
            <line number="102" hits="8" branch="False" />
            <line number="105" hits="8" branch="True" condition-coverage="100% (18/18)">
              <conditions>
                <condition number="19" type="jump" coverage="100%" />
                <condition number="32" type="jump" coverage="100%" />
                <condition number="45" type="jump" coverage="100%" />
                <condition number="58" type="jump" coverage="100%" />
                <condition number="71" type="jump" coverage="100%" />
                <condition number="84" type="jump" coverage="100%" />
                <condition number="97" type="jump" coverage="100%" />
                <condition number="110" type="jump" coverage="100%" />
                <condition number="128" type="jump" coverage="100%" />
              </conditions>
            </line>
            <line number="106" hits="1" branch="False" />
            <line number="107" hits="1" branch="False" />
            <line number="108" hits="1" branch="False" />
            <line number="109" hits="7" branch="True" condition-coverage="50% (6/12)">
              <conditions>
                <condition number="154" type="jump" coverage="50%" />
                <condition number="167" type="jump" coverage="50%" />
                <condition number="180" type="jump" coverage="50%" />
                <condition number="193" type="jump" coverage="50%" />
                <condition number="206" type="jump" coverage="50%" />
                <condition number="224" type="jump" coverage="50%" />
              </conditions>
            </line>
            <line number="110" hits="0" branch="False" />
            <line number="111" hits="0" branch="False" />
            <line number="112" hits="0" branch="False" />
            <line number="113" hits="7" branch="True" condition-coverage="100% (12/12)">
              <conditions>
                <condition number="250" type="jump" coverage="100%" />
                <condition number="263" type="jump" coverage="100%" />
                <condition number="276" type="jump" coverage="100%" />
                <condition number="289" type="jump" coverage="100%" />
                <condition number="302" type="jump" coverage="100%" />
                <condition number="322" type="jump" coverage="100%" />
              </conditions>
            </line>
            <line number="114" hits="1" branch="False" />
            <line number="115" hits="1" branch="False" />
            <line number="116" hits="1" branch="False" />
            <line number="117" hits="6" branch="True" condition-coverage="100% (10/10)">
              <conditions>
                <condition number="348" type="jump" coverage="100%" />
                <condition number="361" type="jump" coverage="100%" />
                <condition number="374" type="jump" coverage="100%" />
                <condition number="387" type="jump" coverage="100%" />
                <condition number="407" type="jump" coverage="100%" />
              </conditions>
            </line>
            <line number="118" hits="1" branch="False" />
            <line number="119" hits="1" branch="False" />
            <line number="120" hits="1" branch="False" />
            <line number="121" hits="5" branch="True" condition-coverage="100% (8/8)">
              <conditions>
                <condition number="433" type="jump" coverage="100%" />
                <condition number="446" type="jump" coverage="100%" />
                <condition number="459" type="jump" coverage="100%" />
                <condition number="479" type="jump" coverage="100%" />
              </conditions>
            </line>
            <line number="122" hits="1" branch="False" />
            <line number="123" hits="1" branch="False" />
            <line number="124" hits="1" branch="False" />
            <line number="125" hits="4" branch="True" condition-coverage="100% (10/10)">
              <conditions>
                <condition number="505" type="jump" coverage="100%" />
                <condition number="518" type="jump" coverage="100%" />
                <condition number="531" type="jump" coverage="100%" />
                <condition number="544" type="jump" coverage="100%" />
                <condition number="564" type="jump" coverage="100%" />
              </conditions>
            </line>
            <line number="126" hits="1" branch="False" />
            <line number="127" hits="1" branch="False" />
            <line number="128" hits="1" branch="False" />
            <line number="129" hits="3" branch="True" condition-coverage="100% (8/8)">
              <conditions>
                <condition number="590" type="jump" coverage="100%" />
                <condition number="603" type="jump" coverage="100%" />
                <condition number="616" type="jump" coverage="100%" />
                <condition number="636" type="jump" coverage="100%" />
              </conditions>
            </line>
            <line number="130" hits="1" branch="False" />
            <line number="131" hits="1" branch="False" />
            <line number="132" hits="1" branch="False" />
            <line number="133" hits="2" branch="True" condition-coverage="100% (8/8)">
              <conditions>
                <condition number="659" type="jump" coverage="100%" />
                <condition number="672" type="jump" coverage="100%" />
                <condition number="685" type="jump" coverage="100%" />
                <condition number="705" type="jump" coverage="100%" />
              </conditions>
            </line>
            <line number="134" hits="1" branch="False" />
            <line number="135" hits="1" branch="False" />
            <line number="136" hits="1" branch="False" />
            <line number="138" hits="1" branch="False" />
            <line number="139" hits="1" branch="False" />
            <line number="140" hits="1" branch="False" />
            <line number="142" hits="8" branch="False" />
            <line number="143" hits="8" branch="False" />
            <line number="144" hits="8" branch="False" />
            <line number="145" hits="8" branch="False" />
            <line number="146" hits="8" branch="False" />
            <line number="147" hits="8" branch="False" />
            <line number="148" hits="8" branch="False" />
            <line number="151" hits="8" branch="False" />
            <line number="152" hits="8" branch="False" />
            <line number="154" hits="8" branch="True" condition-coverage="100% (4/4)">
              <conditions>
                <condition number="19" type="jump" coverage="100%" />
                <condition number="37" type="jump" coverage="100%" />
              </conditions>
            </line>
            <line number="155" hits="1" branch="False" />
            <line number="156" hits="1" branch="False" />
            <line number="157" hits="1" branch="False" />
            <line number="158" hits="1" branch="False" />
            <line number="159" hits="1" branch="False" />
            <line number="160" hits="1" branch="False" />
            <line number="161" hits="1" branch="False" />
            <line number="164" hits="7" branch="False" />
            <line number="165" hits="7" branch="False" />
            <line number="166" hits="7" branch="False" />
            <line number="167" hits="7" branch="False" />
            <line number="168" hits="7" branch="False" />
            <line number="169" hits="7" branch="False" />
            <line number="170" hits="8" branch="False" />
            <line number="14" hits="1" branch="False" />
            <line number="15" hits="1" branch="False" />
            <line number="16" hits="1" branch="False" />
            <line number="17" hits="1" branch="False" />
            <line number="18" hits="1" branch="False" />
            <line number="20" hits="1" branch="False" />
            <line number="21" hits="1" branch="True" condition-coverage="50% (1/2)">
              <conditions>
                <condition number="59" type="jump" coverage="50%" />
              </conditions>
            </line>
            <line number="22" hits="1" branch="False" />
          </lines>
        </class>
        <class name="PortfolioApi.Services.PortfolioService" filename="Services\PortfolioService.cs" line-rate="0.9948999999999999" branch-rate="0.99" complexity="101">
          <methods>
            <method name="GetProfile" signature="()" line-rate="1" branch-rate="1" complexity="1">
              <lines>
                <line number="41" hits="1" branch="False" />
              </lines>
            </method>
            <method name="GetSkills" signature="(System.String,System.String)" line-rate="0.9473" branch-rate="0.9375" complexity="16">
              <lines>
                <line number="44" hits="6" branch="False" />
                <line number="45" hits="6" branch="False" />
                <line number="47" hits="6" branch="True" condition-coverage="100% (4/4)">
                  <conditions>
                    <condition number="37" type="jump" coverage="100%" />
                    <condition number="64" type="jump" coverage="100%" />
                  </conditions>
                </line>
                <line number="48" hits="1" branch="False" />
                <line number="49" hits="1" branch="False" />
                <line number="50" hits="1" branch="False" />
                <line number="52" hits="6" branch="True" condition-coverage="100% (4/4)">
                  <conditions>
                    <condition number="93" type="jump" coverage="100%" />
                    <condition number="115" type="jump" coverage="100%" />
                  </conditions>
                </line>
                <line number="53" hits="4" branch="False" />
                <line number="54" hits="4" branch="True" condition-coverage="87.5% (7/8)">
                  <conditions>
                    <condition number="145" type="jump" coverage="100%" />
                    <condition number="159" type="jump" coverage="100%" />
                    <condition number="173" type="jump" coverage="100%" />
                    <condition number="187" type="jump" coverage="50%" />
                  </conditions>
                </line>
                <line number="55" hits="4" branch="False" />
                <line number="56" hits="1" branch="False" />
                <line number="57" hits="1" branch="False" />
                <line number="58" hits="1" branch="False" />
                <line number="59" hits="1" branch="False" />
                <line number="60" hits="0" branch="False" />
                <line number="61" hits="4" branch="False" />
                <line number="62" hits="4" branch="False" />
                <line number="64" hits="6" branch="False" />
                <line number="65" hits="6" branch="False" />
              </lines>
            </method>
            <method name="GetProjects" signature="(System.String,System.Nullable`1&lt;System.Boolean&gt;)" line-rate="1" branch-rate="1" complexity="6">
              <lines>
                <line number="68" hits="4" branch="False" />
                <line number="69" hits="4" branch="False" />
                <line number="71" hits="4" branch="True" condition-coverage="100% (4/4)">
                  <conditions>
                    <condition number="37" type="jump" coverage="100%" />
                    <condition number="64" type="jump" coverage="100%" />
                  </conditions>
                </line>
                <line number="72" hits="1" branch="False" />
                <line number="73" hits="1" branch="False" />
                <line number="74" hits="1" branch="False" />
                <line number="76" hits="4" branch="True" condition-coverage="100% (2/2)">
                  <conditions>
                    <condition number="96" type="jump" coverage="100%" />
                  </conditions>
                </line>
                <line number="77" hits="1" branch="False" />
                <line number="78" hits="1" branch="False" />
                <line number="79" hits="1" branch="False" />
                <line number="81" hits="4" branch="False" />
                <line number="82" hits="4" branch="False" />
              </lines>
            </method>
            <method name="GetExperiences" signature="(System.String)" line-rate="1" branch-rate="1" complexity="4">
              <lines>
                <line number="85" hits="3" branch="False" />
                <line number="86" hits="3" branch="False" />
                <line number="88" hits="3" branch="True" condition-coverage="100% (4/4)">
                  <conditions>
                    <condition number="37" type="jump" coverage="100%" />
                    <condition number="64" type="jump" coverage="100%" />
                  </conditions>
                </line>
                <line number="89" hits="1" branch="False" />
                <line number="90" hits="1" branch="False" />
                <line number="91" hits="1" branch="False" />
                <line number="93" hits="3" branch="False" />
                <line number="94" hits="3" branch="False" />
              </lines>
            </method>
            <method name="ExecuteTerminalCommand" signature="(System.String)" line-rate="1" branch-rate="1" complexity="52">
              <lines>
                <line number="97" hits="13" branch="False" />
                <line number="98" hits="13" branch="True" condition-coverage="100% (2/2)">
                  <conditions>
                    <condition number="11" type="jump" coverage="100%" />
                  </conditions>
                </line>
                <line number="99" hits="1" branch="False" />
                <line number="100" hits="1" branch="False" />
                <line number="103" hits="12" branch="False" />
                <line number="104" hits="12" branch="False" />
                <line number="105" hits="12" branch="False" />
                <line number="106" hits="12" branch="True" condition-coverage="100% (2/2)">
                  <conditions>
                    <condition number="68" type="jump" coverage="100%" />
                  </conditions>
                </line>
                <line number="108" hits="12" branch="True" condition-coverage="100% (46/46)">
                  <conditions>
                    <condition number="104" type="jump" coverage="100%" />
                    <condition number="113" type="jump" coverage="100%" />
                    <condition number="122" type="jump" coverage="100%" />
                    <condition number="153" type="jump" coverage="100%" />
                    <condition number="167" type="jump" coverage="100%" />
                    <condition number="195" type="jump" coverage="100%" />
                    <condition number="204" type="jump" coverage="100%" />
                    <condition number="232" type="jump" coverage="100%" />
                    <condition number="243" type="jump" coverage="100%" />
                    <condition number="218" type="jump" coverage="100%" />
                    <condition number="136" type="jump" coverage="100%" />
                    <condition number="178" type="jump" coverage="100%" />
                    <condition number="254" type="jump" coverage="100%" />
                    <condition number="276" type="jump" coverage="100%" />
                    <condition number="298" type="jump" coverage="100%" />
                    <condition number="320" type="jump" coverage="100%" />
                    <condition number="342" type="jump" coverage="100%" />
                    <condition number="364" type="jump" coverage="100%" />
                    <condition number="386" type="jump" coverage="100%" />
                    <condition number="408" type="jump" coverage="100%" />
                    <condition number="430" type="jump" coverage="100%" />
                    <condition number="452" type="jump" coverage="100%" />
                    <condition number="474" type="jump" coverage="100%" />
                  </conditions>
                </line>
                <line number="109" hits="12" branch="False" />
                <line number="110" hits="1" branch="False" />
                <line number="111" hits="1" branch="False" />
                <line number="112" hits="1" branch="False" />
                <line number="113" hits="1" branch="False" />
                <line number="114" hits="1" branch="False" />
                <line number="115" hits="1" branch="False" />
                <line number="116" hits="1" branch="False" />
                <line number="117" hits="1" branch="False" />
                <line number="118" hits="1" branch="False" />
                <line number="119" hits="1" branch="False" />
                <line number="120" hits="1" branch="False" />
                <line number="121" hits="1" branch="False" />
                <line number="122" hits="1" branch="False" />
                <line number="123" hits="12" branch="False" />
                <line number="124" hits="1" branch="False" />
                <line number="125" hits="1" branch="False" />
                <line number="126" hits="1" branch="False" />
                <line number="127" hits="1" branch="False" />
                <line number="128" hits="12" branch="False" />
                <line number="129" hits="1" branch="False" />
                <line number="130" hits="1" branch="False" />
                <line number="131" hits="1" branch="False" />
                <line number="132" hits="1" branch="False" />
                <line number="133" hits="12" branch="False" />
                <line number="134" hits="2" branch="False" />
                <line number="135" hits="2" branch="False" />
                <line number="136" hits="2" branch="False" />
                <line number="137" hits="2" branch="False" />
                <line number="138" hits="12" branch="False" />
                <line number="139" hits="1" branch="False" />
                <line number="140" hits="1" branch="False" />
                <line number="141" hits="1" branch="False" />
                <line number="142" hits="1" branch="False" />
                <line number="143" hits="12" branch="False" />
                <line number="144" hits="1" branch="False" />
                <line number="145" hits="1" branch="False" />
                <line number="146" hits="1" branch="False" />
                <line number="147" hits="1" branch="False" />
                <line number="148" hits="12" branch="False" />
                <line number="149" hits="2" branch="True" condition-coverage="100% (2/2)">
                  <conditions>
                    <condition number="1050" type="jump" coverage="100%" />
                  </conditions>
                </line>
                <line number="150" hits="1" branch="False" />
                <line number="151" hits="1" branch="False" />
                <line number="152" hits="1" branch="False" />
                <line number="153" hits="12" branch="False" />
                <line number="154" hits="2" branch="False" />
                <line number="155" hits="12" branch="False" />
                <line number="156" hits="1" branch="False" />
                <line number="157" hits="12" branch="False" />
                <line number="158" hits="1" branch="False" />
                <line number="159" hits="12" branch="False" />
                <line number="160" hits="13" branch="False" />
              </lines>
            </method>
            <method name="ExecuteAiAskCommand" signature="(System.String)" line-rate="1" branch-rate="1" complexity="2">
              <lines>
                <line number="163" hits="2" branch="False" />
                <line number="164" hits="2" branch="True" condition-coverage="100% (2/2)">
                  <conditions>
                    <condition number="9" type="jump" coverage="100%" />
                  </conditions>
                </line>
                <line number="165" hits="1" branch="False" />
                <line number="166" hits="1" branch="False" />
                <line number="169" hits="1" branch="False" />
                <line number="170" hits="1" branch="False" />
                <line number="172" hits="1" branch="False" />
                <line number="173" hits="1" branch="False" />
                <line number="174" hits="1" branch="False" />
                <line number="175" hits="1" branch="False" />
                <line number="176" hits="1" branch="False" />
                <line number="177" hits="2" branch="False" />
              </lines>
            </method>
            <method name="SubmitContactMessage" signature="(PortfolioApi.Models.ContactMessageRequest)" line-rate="1" branch-rate="1" complexity="16">
              <lines>
                <line number="180" hits="4" branch="False" />
                <line number="181" hits="4" branch="True" condition-coverage="100% (6/6)">
                  <conditions>
                    <condition number="37" type="jump" coverage="100%" />
                    <condition number="55" type="jump" coverage="100%" />
                    <condition number="78" type="jump" coverage="100%" />
                  </conditions>
                </line>
                <line number="182" hits="1" branch="False" />
                <line number="183" hits="1" branch="False" />
                <line number="187" hits="3" branch="True" condition-coverage="100% (2/2)">
                  <conditions>
                    <condition number="124" type="jump" coverage="100%" />
                  </conditions>
                </line>
                <line number="188" hits="3" branch="False" />
                <line number="189" hits="3" branch="False" />
                <line number="190" hits="3" branch="True" condition-coverage="100% (4/4)">
                  <conditions>
                    <condition number="175" type="jump" coverage="100%" />
                    <condition number="190" type="jump" coverage="100%" />
                  </conditions>
                </line>
                <line number="191" hits="1" branch="False" />
                <line number="192" hits="1" branch="False" />
                <line number="194" hits="2" branch="False" />
                <line number="197" hits="2" branch="True" condition-coverage="100% (2/2)">
                  <conditions>
                    <condition number="234" type="jump" coverage="100%" />
                  </conditions>
                </line>
                <line number="198" hits="2" branch="True" condition-coverage="100% (2/2)">
                  <conditions>
                    <condition number="270" type="jump" coverage="100%" />
                  </conditions>
                </line>
                <line number="199" hits="1" branch="False" />
                <line number="200" hits="1" branch="False" />
                <line number="201" hits="1" branch="False" />
                <line number="202" hits="1" branch="False" />
                <line number="203" hits="1" branch="False" />
                <line number="204" hits="1" branch="False" />
                <line number="205" hits="1" branch="False" />
                <line number="206" hits="1" branch="False" />
                <line number="207" hits="1" branch="False" />
                <line number="208" hits="1" branch="False" />
                <line number="209" hits="1" branch="False" />
                <line number="210" hits="1" branch="False" />
                <line number="211" hits="1" branch="False" />
                <line number="212" hits="1" branch="False" />
                <line number="213" hits="1" branch="False" />
                <line number="214" hits="1" branch="False" />
                <line number="215" hits="1" branch="False" />
                <line number="216" hits="1" branch="False" />
                <line number="217" hits="1" branch="False" />
                <line number="218" hits="1" branch="False" />
                <line number="219" hits="1" branch="False" />
                <line number="220" hits="1" branch="False" />
                <line number="221" hits="1" branch="False" />
                <line number="222" hits="1" branch="False" />
                <line number="223" hits="1" branch="False" />
                <line number="224" hits="1" branch="False" />
                <line number="225" hits="1" branch="False" />
                <line number="226" hits="1" branch="False" />
                <line number="227" hits="1" branch="False" />
                <line number="228" hits="1" branch="False" />
                <line number="229" hits="1" branch="False" />
                <line number="230" hits="1" branch="False" />
                <line number="231" hits="1" branch="False" />
                <line number="232" hits="1" branch="False" />
                <line number="233" hits="1" branch="False" />
                <line number="234" hits="1" branch="False" />
                <line number="235" hits="1" branch="False" />
                <line number="236" hits="1" branch="False" />
                <line number="237" hits="1" branch="False" />
                <line number="238" hits="1" branch="False" />
                <line number="239" hits="1" branch="False" />
                <line number="240" hits="1" branch="False" />
                <line number="241" hits="1" branch="False" />
                <line number="242" hits="1" branch="False" />
                <line number="243" hits="1" branch="False" />
                <line number="244" hits="1" branch="False" />
                <line number="245" hits="1" branch="False" />
                <line number="246" hits="1" branch="False" />
                <line number="247" hits="1" branch="False" />
                <line number="249" hits="2" branch="False" />
                <line number="250" hits="2" branch="False" />
                <line number="251" hits="2" branch="False" />
                <line number="252" hits="2" branch="False" />
                <line number="253" hits="2" branch="False" />
                <line number="254" hits="4" branch="False" />
              </lines>
            </method>
            <method name=".ctor" signature="(Microsoft.Extensions.Hosting.IHostEnvironment,PortfolioApi.Services.IGeminiAiService,Microsoft.Extensions.Configuration.IConfiguration,System.Net.Http.HttpClient)" line-rate="1" branch-rate="1" complexity="4">
              <lines>
                <line number="16" hits="21" branch="False" />
                <line number="17" hits="21" branch="False" />
                <line number="18" hits="21" branch="False" />
                <line number="19" hits="21" branch="False" />
                <line number="20" hits="21" branch="True" condition-coverage="100% (2/2)">
                  <conditions>
                    <condition number="26" type="jump" coverage="100%" />
                  </conditions>
                </line>
                <line number="22" hits="21" branch="False" />
                <line number="24" hits="21" branch="True" condition-coverage="100% (2/2)">
                  <conditions>
                    <condition number="74" type="jump" coverage="100%" />
                  </conditions>
                </line>
                <line number="25" hits="1" branch="False" />
                <line number="26" hits="1" branch="False" />
                <line number="29" hits="20" branch="False" />
                <line number="30" hits="20" branch="False" />
                <line number="31" hits="20" branch="False" />
                <line number="33" hits="20" branch="False" />
                <line number="35" hits="20" branch="False" />
                <line number="36" hits="20" branch="False" />
                <line number="37" hits="20" branch="False" />
                <line number="38" hits="20" branch="False" />
                <line number="39" hits="40" branch="False" />
              </lines>
            </method>
          </methods>
          <lines>
            <line number="41" hits="1" branch="False" />
            <line number="44" hits="6" branch="False" />
            <line number="45" hits="6" branch="False" />
            <line number="47" hits="6" branch="True" condition-coverage="100% (4/4)">
              <conditions>
                <condition number="37" type="jump" coverage="100%" />
                <condition number="64" type="jump" coverage="100%" />
              </conditions>
            </line>
            <line number="48" hits="1" branch="False" />
            <line number="49" hits="1" branch="False" />
            <line number="50" hits="1" branch="False" />
            <line number="52" hits="6" branch="True" condition-coverage="100% (4/4)">
              <conditions>
                <condition number="93" type="jump" coverage="100%" />
                <condition number="115" type="jump" coverage="100%" />
              </conditions>
            </line>
            <line number="53" hits="4" branch="False" />
            <line number="54" hits="4" branch="True" condition-coverage="87.5% (7/8)">
              <conditions>
                <condition number="145" type="jump" coverage="100%" />
                <condition number="159" type="jump" coverage="100%" />
                <condition number="173" type="jump" coverage="100%" />
                <condition number="187" type="jump" coverage="50%" />
              </conditions>
            </line>
            <line number="55" hits="4" branch="False" />
            <line number="56" hits="1" branch="False" />
            <line number="57" hits="1" branch="False" />
            <line number="58" hits="1" branch="False" />
            <line number="59" hits="1" branch="False" />
            <line number="60" hits="0" branch="False" />
            <line number="61" hits="4" branch="False" />
            <line number="62" hits="4" branch="False" />
            <line number="64" hits="6" branch="False" />
            <line number="65" hits="6" branch="False" />
            <line number="68" hits="4" branch="False" />
            <line number="69" hits="4" branch="False" />
            <line number="71" hits="4" branch="True" condition-coverage="100% (4/4)">
              <conditions>
                <condition number="37" type="jump" coverage="100%" />
                <condition number="64" type="jump" coverage="100%" />
              </conditions>
            </line>
            <line number="72" hits="1" branch="False" />
            <line number="73" hits="1" branch="False" />
            <line number="74" hits="1" branch="False" />
            <line number="76" hits="4" branch="True" condition-coverage="100% (2/2)">
              <conditions>
                <condition number="96" type="jump" coverage="100%" />
              </conditions>
            </line>
            <line number="77" hits="1" branch="False" />
            <line number="78" hits="1" branch="False" />
            <line number="79" hits="1" branch="False" />
            <line number="81" hits="4" branch="False" />
            <line number="82" hits="4" branch="False" />
            <line number="85" hits="3" branch="False" />
            <line number="86" hits="3" branch="False" />
            <line number="88" hits="3" branch="True" condition-coverage="100% (4/4)">
              <conditions>
                <condition number="37" type="jump" coverage="100%" />
                <condition number="64" type="jump" coverage="100%" />
              </conditions>
            </line>
            <line number="89" hits="1" branch="False" />
            <line number="90" hits="1" branch="False" />
            <line number="91" hits="1" branch="False" />
            <line number="93" hits="3" branch="False" />
            <line number="94" hits="3" branch="False" />
            <line number="97" hits="13" branch="False" />
            <line number="98" hits="13" branch="True" condition-coverage="100% (2/2)">
              <conditions>
                <condition number="11" type="jump" coverage="100%" />
              </conditions>
            </line>
            <line number="99" hits="1" branch="False" />
            <line number="100" hits="1" branch="False" />
            <line number="103" hits="12" branch="False" />
            <line number="104" hits="12" branch="False" />
            <line number="105" hits="12" branch="False" />
            <line number="106" hits="12" branch="True" condition-coverage="100% (2/2)">
              <conditions>
                <condition number="68" type="jump" coverage="100%" />
              </conditions>
            </line>
            <line number="108" hits="12" branch="True" condition-coverage="100% (46/46)">
              <conditions>
                <condition number="104" type="jump" coverage="100%" />
                <condition number="113" type="jump" coverage="100%" />
                <condition number="122" type="jump" coverage="100%" />
                <condition number="153" type="jump" coverage="100%" />
                <condition number="167" type="jump" coverage="100%" />
                <condition number="195" type="jump" coverage="100%" />
                <condition number="204" type="jump" coverage="100%" />
                <condition number="232" type="jump" coverage="100%" />
                <condition number="243" type="jump" coverage="100%" />
                <condition number="218" type="jump" coverage="100%" />
                <condition number="136" type="jump" coverage="100%" />
                <condition number="178" type="jump" coverage="100%" />
                <condition number="254" type="jump" coverage="100%" />
                <condition number="276" type="jump" coverage="100%" />
                <condition number="298" type="jump" coverage="100%" />
                <condition number="320" type="jump" coverage="100%" />
                <condition number="342" type="jump" coverage="100%" />
                <condition number="364" type="jump" coverage="100%" />
                <condition number="386" type="jump" coverage="100%" />
                <condition number="408" type="jump" coverage="100%" />
                <condition number="430" type="jump" coverage="100%" />
                <condition number="452" type="jump" coverage="100%" />
                <condition number="474" type="jump" coverage="100%" />
              </conditions>
            </line>
            <line number="109" hits="12" branch="False" />
            <line number="110" hits="1" branch="False" />
            <line number="111" hits="1" branch="False" />
            <line number="112" hits="1" branch="False" />
            <line number="113" hits="1" branch="False" />
            <line number="114" hits="1" branch="False" />
            <line number="115" hits="1" branch="False" />
            <line number="116" hits="1" branch="False" />
            <line number="117" hits="1" branch="False" />
            <line number="118" hits="1" branch="False" />
            <line number="119" hits="1" branch="False" />
            <line number="120" hits="1" branch="False" />
            <line number="121" hits="1" branch="False" />
            <line number="122" hits="1" branch="False" />
            <line number="123" hits="12" branch="False" />
            <line number="124" hits="1" branch="False" />
            <line number="125" hits="1" branch="False" />
            <line number="126" hits="1" branch="False" />
            <line number="127" hits="1" branch="False" />
            <line number="128" hits="12" branch="False" />
            <line number="129" hits="1" branch="False" />
            <line number="130" hits="1" branch="False" />
            <line number="131" hits="1" branch="False" />
            <line number="132" hits="1" branch="False" />
            <line number="133" hits="12" branch="False" />
            <line number="134" hits="2" branch="False" />
            <line number="135" hits="2" branch="False" />
            <line number="136" hits="2" branch="False" />
            <line number="137" hits="2" branch="False" />
            <line number="138" hits="12" branch="False" />
            <line number="139" hits="1" branch="False" />
            <line number="140" hits="1" branch="False" />
            <line number="141" hits="1" branch="False" />
            <line number="142" hits="1" branch="False" />
            <line number="143" hits="12" branch="False" />
            <line number="144" hits="1" branch="False" />
            <line number="145" hits="1" branch="False" />
            <line number="146" hits="1" branch="False" />
            <line number="147" hits="1" branch="False" />
            <line number="148" hits="12" branch="False" />
            <line number="149" hits="2" branch="True" condition-coverage="100% (2/2)">
              <conditions>
                <condition number="1050" type="jump" coverage="100%" />
              </conditions>
            </line>
            <line number="150" hits="1" branch="False" />
            <line number="151" hits="1" branch="False" />
            <line number="152" hits="1" branch="False" />
            <line number="153" hits="12" branch="False" />
            <line number="154" hits="2" branch="False" />
            <line number="155" hits="12" branch="False" />
            <line number="156" hits="1" branch="False" />
            <line number="157" hits="12" branch="False" />
            <line number="158" hits="1" branch="False" />
            <line number="159" hits="12" branch="False" />
            <line number="160" hits="13" branch="False" />
            <line number="163" hits="2" branch="False" />
            <line number="164" hits="2" branch="True" condition-coverage="100% (2/2)">
              <conditions>
                <condition number="9" type="jump" coverage="100%" />
              </conditions>
            </line>
            <line number="165" hits="1" branch="False" />
            <line number="166" hits="1" branch="False" />
            <line number="169" hits="1" branch="False" />
            <line number="170" hits="1" branch="False" />
            <line number="172" hits="1" branch="False" />
            <line number="173" hits="1" branch="False" />
            <line number="174" hits="1" branch="False" />
            <line number="175" hits="1" branch="False" />
            <line number="176" hits="1" branch="False" />
            <line number="177" hits="2" branch="False" />
            <line number="180" hits="4" branch="False" />
            <line number="181" hits="4" branch="True" condition-coverage="100% (6/6)">
              <conditions>
                <condition number="37" type="jump" coverage="100%" />
                <condition number="55" type="jump" coverage="100%" />
                <condition number="78" type="jump" coverage="100%" />
              </conditions>
            </line>
            <line number="182" hits="1" branch="False" />
            <line number="183" hits="1" branch="False" />
            <line number="187" hits="3" branch="True" condition-coverage="100% (2/2)">
              <conditions>
                <condition number="124" type="jump" coverage="100%" />
              </conditions>
            </line>
            <line number="188" hits="3" branch="False" />
            <line number="189" hits="3" branch="False" />
            <line number="190" hits="3" branch="True" condition-coverage="100% (4/4)">
              <conditions>
                <condition number="175" type="jump" coverage="100%" />
                <condition number="190" type="jump" coverage="100%" />
              </conditions>
            </line>
            <line number="191" hits="1" branch="False" />
            <line number="192" hits="1" branch="False" />
            <line number="194" hits="2" branch="False" />
            <line number="197" hits="2" branch="True" condition-coverage="100% (2/2)">
              <conditions>
                <condition number="234" type="jump" coverage="100%" />
              </conditions>
            </line>
            <line number="198" hits="2" branch="True" condition-coverage="100% (2/2)">
              <conditions>
                <condition number="270" type="jump" coverage="100%" />
              </conditions>
            </line>
            <line number="199" hits="1" branch="False" />
            <line number="200" hits="1" branch="False" />
            <line number="201" hits="1" branch="False" />
            <line number="202" hits="1" branch="False" />
            <line number="203" hits="1" branch="False" />
            <line number="204" hits="1" branch="False" />
            <line number="205" hits="1" branch="False" />
            <line number="206" hits="1" branch="False" />
            <line number="207" hits="1" branch="False" />
            <line number="208" hits="1" branch="False" />
            <line number="209" hits="1" branch="False" />
            <line number="210" hits="1" branch="False" />
            <line number="211" hits="1" branch="False" />
            <line number="212" hits="1" branch="False" />
            <line number="213" hits="1" branch="False" />
            <line number="214" hits="1" branch="False" />
            <line number="215" hits="1" branch="False" />
            <line number="216" hits="1" branch="False" />
            <line number="217" hits="1" branch="False" />
            <line number="218" hits="1" branch="False" />
            <line number="219" hits="1" branch="False" />
            <line number="220" hits="1" branch="False" />
            <line number="221" hits="1" branch="False" />
            <line number="222" hits="1" branch="False" />
            <line number="223" hits="1" branch="False" />
            <line number="224" hits="1" branch="False" />
            <line number="225" hits="1" branch="False" />
            <line number="226" hits="1" branch="False" />
            <line number="227" hits="1" branch="False" />
            <line number="228" hits="1" branch="False" />
            <line number="229" hits="1" branch="False" />
            <line number="230" hits="1" branch="False" />
            <line number="231" hits="1" branch="False" />
            <line number="232" hits="1" branch="False" />
            <line number="233" hits="1" branch="False" />
            <line number="234" hits="1" branch="False" />
            <line number="235" hits="1" branch="False" />
            <line number="236" hits="1" branch="False" />
            <line number="237" hits="1" branch="False" />
            <line number="238" hits="1" branch="False" />
            <line number="239" hits="1" branch="False" />
            <line number="240" hits="1" branch="False" />
            <line number="241" hits="1" branch="False" />
            <line number="242" hits="1" branch="False" />
            <line number="243" hits="1" branch="False" />
            <line number="244" hits="1" branch="False" />
            <line number="245" hits="1" branch="False" />
            <line number="246" hits="1" branch="False" />
            <line number="247" hits="1" branch="False" />
            <line number="249" hits="2" branch="False" />
            <line number="250" hits="2" branch="False" />
            <line number="251" hits="2" branch="False" />
            <line number="252" hits="2" branch="False" />
            <line number="253" hits="2" branch="False" />
            <line number="254" hits="4" branch="False" />
            <line number="16" hits="21" branch="False" />
            <line number="17" hits="21" branch="False" />
            <line number="18" hits="21" branch="False" />
            <line number="19" hits="21" branch="False" />
            <line number="20" hits="21" branch="True" condition-coverage="100% (2/2)">
              <conditions>
                <condition number="26" type="jump" coverage="100%" />
              </conditions>
            </line>
            <line number="22" hits="21" branch="False" />
            <line number="24" hits="21" branch="True" condition-coverage="100% (2/2)">
              <conditions>
                <condition number="74" type="jump" coverage="100%" />
              </conditions>
            </line>
            <line number="25" hits="1" branch="False" />
            <line number="26" hits="1" branch="False" />
            <line number="29" hits="20" branch="False" />
            <line number="30" hits="20" branch="False" />
            <line number="31" hits="20" branch="False" />
            <line number="33" hits="20" branch="False" />
            <line number="35" hits="20" branch="False" />
            <line number="36" hits="20" branch="False" />
            <line number="37" hits="20" branch="False" />
            <line number="38" hits="20" branch="False" />
            <line number="39" hits="40" branch="False" />
          </lines>
        </class>
        <class name="PortfolioApi.Models.ProfileDto" filename="Models\PortfolioModels.cs" line-rate="1" branch-rate="1" complexity="1">
          <methods>
            <method name=".ctor" signature="(System.String,System.String,System.String,System.String,System.String,System.Collections.Generic.List`1&lt;System.String&gt;,System.Collections.Generic.Dictionary`2&lt;System.String,System.String&gt;,PortfolioApi.Models.CoreMetrics)" line-rate="1" branch-rate="1" complexity="1">
              <lines>
                <line number="3" hits="20" branch="False" />
                <line number="4" hits="20" branch="False" />
                <line number="5" hits="20" branch="False" />
                <line number="6" hits="20" branch="False" />
                <line number="7" hits="20" branch="False" />
                <line number="8" hits="20" branch="False" />
                <line number="9" hits="20" branch="False" />
                <line number="10" hits="20" branch="False" />
                <line number="11" hits="20" branch="False" />
                <line number="12" hits="20" branch="False" />
              </lines>
            </method>
          </methods>
          <lines>
            <line number="3" hits="20" branch="False" />
            <line number="4" hits="20" branch="False" />
            <line number="5" hits="20" branch="False" />
            <line number="6" hits="20" branch="False" />
            <line number="7" hits="20" branch="False" />
            <line number="8" hits="20" branch="False" />
            <line number="9" hits="20" branch="False" />
            <line number="10" hits="20" branch="False" />
            <line number="11" hits="20" branch="False" />
            <line number="12" hits="20" branch="False" />
          </lines>
        </class>
        <class name="PortfolioApi.Models.CoreMetrics" filename="Models\PortfolioModels.cs" line-rate="1" branch-rate="1" complexity="1">
          <methods>
            <method name=".ctor" signature="(System.String,System.String,System.String,System.String)" line-rate="1" branch-rate="1" complexity="1">
              <lines>
                <line number="14" hits="20" branch="False" />
                <line number="15" hits="20" branch="False" />
                <line number="16" hits="20" branch="False" />
                <line number="17" hits="20" branch="False" />
                <line number="18" hits="20" branch="False" />
                <line number="19" hits="20" branch="False" />
              </lines>
            </method>
          </methods>
          <lines>
            <line number="14" hits="20" branch="False" />
            <line number="15" hits="20" branch="False" />
            <line number="16" hits="20" branch="False" />
            <line number="17" hits="20" branch="False" />
            <line number="18" hits="20" branch="False" />
            <line number="19" hits="20" branch="False" />
          </lines>
        </class>
        <class name="PortfolioApi.Models.SkillItem" filename="Models\PortfolioModels.cs" line-rate="1" branch-rate="1" complexity="1">
          <methods>
            <method name=".ctor" signature="(System.String,System.String,System.String,System.Int32,System.Int32,System.Collections.Generic.List`1&lt;System.String&gt;,System.Boolean)" line-rate="1" branch-rate="1" complexity="1">
              <lines>
                <line number="21" hits="160" branch="False" />
                <line number="22" hits="160" branch="False" />
                <line number="23" hits="160" branch="False" />
                <line number="24" hits="160" branch="False" />
                <line number="25" hits="160" branch="False" />
                <line number="26" hits="160" branch="False" />
                <line number="27" hits="160" branch="False" />
                <line number="28" hits="160" branch="False" />
                <line number="29" hits="160" branch="False" />
              </lines>
            </method>
          </methods>
          <lines>
            <line number="21" hits="160" branch="False" />
            <line number="22" hits="160" branch="False" />
            <line number="23" hits="160" branch="False" />
            <line number="24" hits="160" branch="False" />
            <line number="25" hits="160" branch="False" />
            <line number="26" hits="160" branch="False" />
            <line number="27" hits="160" branch="False" />
            <line number="28" hits="160" branch="False" />
            <line number="29" hits="160" branch="False" />
          </lines>
        </class>
        <class name="PortfolioApi.Models.ProjectItem" filename="Models\PortfolioModels.cs" line-rate="1" branch-rate="1" complexity="1">
          <methods>
            <method name=".ctor" signature="(System.String,System.String,System.String,System.String,System.String,System.Collections.Generic.List`1&lt;System.String&gt;,System.Collections.Generic.List`1&lt;System.String&gt;,System.String,System.String,System.String,System.String,System.Boolean)" line-rate="1" branch-rate="1" complexity="1">
              <lines>
                <line number="31" hits="60" branch="False" />
                <line number="32" hits="60" branch="False" />
                <line number="33" hits="60" branch="False" />
                <line number="34" hits="60" branch="False" />
                <line number="35" hits="60" branch="False" />
                <line number="36" hits="60" branch="False" />
                <line number="37" hits="60" branch="False" />
                <line number="38" hits="60" branch="False" />
                <line number="39" hits="60" branch="False" />
                <line number="40" hits="60" branch="False" />
                <line number="41" hits="60" branch="False" />
                <line number="42" hits="60" branch="False" />
                <line number="43" hits="60" branch="False" />
                <line number="44" hits="60" branch="False" />
              </lines>
            </method>
          </methods>
          <lines>
            <line number="31" hits="60" branch="False" />
            <line number="32" hits="60" branch="False" />
            <line number="33" hits="60" branch="False" />
            <line number="34" hits="60" branch="False" />
            <line number="35" hits="60" branch="False" />
            <line number="36" hits="60" branch="False" />
            <line number="37" hits="60" branch="False" />
            <line number="38" hits="60" branch="False" />
            <line number="39" hits="60" branch="False" />
            <line number="40" hits="60" branch="False" />
            <line number="41" hits="60" branch="False" />
            <line number="42" hits="60" branch="False" />
            <line number="43" hits="60" branch="False" />
            <line number="44" hits="60" branch="False" />
          </lines>
        </class>
        <class name="PortfolioApi.Models.ExperienceItem" filename="Models\PortfolioModels.cs" line-rate="1" branch-rate="1" complexity="1">
          <methods>
            <method name=".ctor" signature="(System.String,System.String,System.String,System.String,System.String,System.Collections.Generic.List`1&lt;System.String&gt;,System.Collections.Generic.List`1&lt;System.String&gt;,System.Collections.Generic.List`1&lt;System.String&gt;,System.Collections.Generic.List`1&lt;System.String&gt;)" line-rate="1" branch-rate="1" complexity="1">
              <lines>
                <line number="46" hits="80" branch="False" />
                <line number="47" hits="80" branch="False" />
                <line number="48" hits="80" branch="False" />
                <line number="49" hits="80" branch="False" />
                <line number="50" hits="80" branch="False" />
                <line number="51" hits="80" branch="False" />
                <line number="52" hits="80" branch="False" />
                <line number="53" hits="80" branch="False" />
                <line number="54" hits="80" branch="False" />
                <line number="55" hits="80" branch="False" />
                <line number="56" hits="80" branch="False" />
              </lines>
            </method>
          </methods>
          <lines>
            <line number="46" hits="80" branch="False" />
            <line number="47" hits="80" branch="False" />
            <line number="48" hits="80" branch="False" />
            <line number="49" hits="80" branch="False" />
            <line number="50" hits="80" branch="False" />
            <line number="51" hits="80" branch="False" />
            <line number="52" hits="80" branch="False" />
            <line number="53" hits="80" branch="False" />
            <line number="54" hits="80" branch="False" />
            <line number="55" hits="80" branch="False" />
            <line number="56" hits="80" branch="False" />
          </lines>
        </class>
        <class name="PortfolioApi.Models.TerminalResponse" filename="Models\PortfolioModels.cs" line-rate="1" branch-rate="1" complexity="1">
          <methods>
            <method name=".ctor" signature="(System.String,System.String,System.Object)" line-rate="1" branch-rate="1" complexity="1">
              <lines>
                <line number="60" hits="13" branch="False" />
                <line number="61" hits="13" branch="False" />
                <line number="62" hits="13" branch="False" />
                <line number="63" hits="13" branch="False" />
                <line number="64" hits="13" branch="False" />
              </lines>
            </method>
          </methods>
          <lines>
            <line number="60" hits="13" branch="False" />
            <line number="61" hits="13" branch="False" />
            <line number="62" hits="13" branch="False" />
            <line number="63" hits="13" branch="False" />
            <line number="64" hits="13" branch="False" />
          </lines>
        </class>
        <class name="PortfolioApi.Models.ContactMessageRequest" filename="Models\PortfolioModels.cs" line-rate="1" branch-rate="1" complexity="1">
          <methods>
            <method name=".ctor" signature="(System.String,System.String,System.String,System.String,System.String,System.String)" line-rate="1" branch-rate="1" complexity="1">
              <lines>
                <line number="66" hits="4" branch="False" />
                <line number="67" hits="4" branch="False" />
                <line number="68" hits="4" branch="False" />
                <line number="69" hits="4" branch="False" />
                <line number="70" hits="4" branch="False" />
                <line number="71" hits="4" branch="False" />
                <line number="72" hits="4" branch="False" />
                <line number="73" hits="4" branch="False" />
              </lines>
            </method>
          </methods>
          <lines>
            <line number="66" hits="4" branch="False" />
            <line number="67" hits="4" branch="False" />
            <line number="68" hits="4" branch="False" />
            <line number="69" hits="4" branch="False" />
            <line number="70" hits="4" branch="False" />
            <line number="71" hits="4" branch="False" />
            <line number="72" hits="4" branch="False" />
            <line number="73" hits="4" branch="False" />
          </lines>
        </class>
        <class name="PortfolioApi.Models.ContactMessageResponse" filename="Models\PortfolioModels.cs" line-rate="1" branch-rate="1" complexity="1">
          <methods>
            <method name=".ctor" signature="(System.Boolean,System.String,System.DateTime)" line-rate="1" branch-rate="1" complexity="1">
              <lines>
                <line number="75" hits="4" branch="False" />
                <line number="76" hits="4" branch="False" />
                <line number="77" hits="4" branch="False" />
                <line number="78" hits="4" branch="False" />
                <line number="79" hits="4" branch="False" />
              </lines>
            </method>
          </methods>
          <lines>
            <line number="75" hits="4" branch="False" />
            <line number="76" hits="4" branch="False" />
            <line number="77" hits="4" branch="False" />
            <line number="78" hits="4" branch="False" />
            <line number="79" hits="4" branch="False" />
          </lines>
        </class>
        <class name="PortfolioApi.Models.AiChatRequest" filename="Models\PortfolioModels.cs" line-rate="1" branch-rate="1" complexity="1">
          <methods>
            <method name=".ctor" signature="(System.String,System.String)" line-rate="1" branch-rate="1" complexity="1">
              <lines>
                <line number="81" hits="9" branch="False" />
                <line number="82" hits="9" branch="False" />
                <line number="83" hits="9" branch="False" />
                <line number="84" hits="9" branch="False" />
              </lines>
            </method>
          </methods>
          <lines>
            <line number="81" hits="9" branch="False" />
            <line number="82" hits="9" branch="False" />
            <line number="83" hits="9" branch="False" />
            <line number="84" hits="9" branch="False" />
          </lines>
        </class>
        <class name="PortfolioApi.Models.AiChatResponse" filename="Models\PortfolioModels.cs" line-rate="1" branch-rate="1" complexity="1">
          <methods>
            <method name=".ctor" signature="(System.String,System.Collections.Generic.List`1&lt;System.String&gt;,System.String,System.Boolean)" line-rate="1" branch-rate="1" complexity="1">
              <lines>
                <line number="86" hits="27" branch="False" />
                <line number="87" hits="27" branch="False" />
                <line number="88" hits="27" branch="False" />
                <line number="89" hits="27" branch="False" />
                <line number="90" hits="27" branch="False" />
                <line number="91" hits="27" branch="False" />
              </lines>
            </method>
          </methods>
          <lines>
            <line number="86" hits="27" branch="False" />
            <line number="87" hits="27" branch="False" />
            <line number="88" hits="27" branch="False" />
            <line number="89" hits="27" branch="False" />
            <line number="90" hits="27" branch="False" />
            <line number="91" hits="27" branch="False" />
          </lines>
        </class>
      </classes>
    </package>
  </packages>
</coverage>